This is pdfTeX, Version 3.141592653-2.6-1.40.26 (TeX Live 2024/Arch Linux) (preloaded format=pdflatex 2024.8.11)  31 AUG 2024 11:41
entering extended mode
 restricted \write18 enabled.
 %&-line parsing enabled.
**true-false.tex
(./true-false.tex
LaTeX2e <2023-11-01> patch level 1
L3 programming layer <2024-02-20>

! LaTeX Error: Lonely \item--perhaps a missing list environment.

See the LaTeX manual or LaTeX Companion for explanation.
Type  H <return>  for immediate help.
 ...                                              
                                                  
l.6 \item I
           f $\tan A = \frac{1-\cos B}{\sin B}$ , then $\tan 2A = \tan B$
? 
! Emergency stop.
 ...                                              
                                                  
l.6 \item I
           f $\tan A = \frac{1-\cos B}{\sin B}$ , then $\tan 2A = \tan B$
Try typing  <return>  to proceed.
If that doesn't work, type  X <return>  to quit.

 
Here is how much of TeX's memory you used:
 17 strings out of 474116
 563 string characters out of 5750249
 1925187 words of memory out of 5000000
 22476 multiletter control sequences out of 15000+600000
 558069 words of font info for 36 fonts, out of 8000000 for 9000
 1141 hyphenation exceptions out of 8191
 12i,0n,13p,87b,21s stack positions out of 10000i,1000n,20000p,200000b,200000s
!  ==> Fatal error occurred, no output PDF file produced!
